<!DOCTYPE html PUBLIC "-//W3C//DTD XHTML 1.1//EN" "http://www.w3.org/TR/xhtml11/DTD/xhtml11.dtd">
<html xmlns="http://www.w3.org/1999/xhtml"><head><title>TestNG Report</title><style type="text/css">table {margin-bottom:10px;border-collapse:collapse;empty-cells:show}th,td {border:1px solid #009;padding:.25em .5em}th {vertical-align:bottom}td {vertical-align:top}table a {font-weight:bold}.stripe td {background-color: #E6EBF9}.num {text-align:right}.passedodd td {background-color: #3F3}.passedeven td {background-color: #0A0}.skippedodd td {background-color: #DDD}.skippedeven td {background-color: #CCC}.failedodd td,.attn {background-color: #F33}.failedeven td,.stripe .attn {background-color: #D00}.stacktrace {white-space:pre;font-family:monospace}.totop {font-size:85%;text-align:center;border-bottom:2px solid #000}</style></head><body><table><tr><th>Test</th><th># Passed</th><th># Skipped</th><th># Failed</th><th>Time (ms)</th><th>Included Groups</th><th>Excluded Groups</th></tr><tr><th colspan="7">CHP TEST</th></tr><tr><td><a href="#t0">LoginTest</a></td><td class="num">0</td><td class="num">0</td><td class="num attn">3</td><td class="num">1,127,219</td><td>chpbr</td><td></td></tr></table><table><thead><tr><th>Class</th><th>Method</th><th>Start</th><th>Time (ms)</th></tr></thead><tbody><tr><th colspan="4">CHP TEST</th></tr></tbody><tbody id="t0"><tr><th colspan="4">LoginTest &#8212; failed</th></tr><tr class="failedeven"><td rowspan="3">com.trgr.quality.maf.tests.LoginTest</td><td><a href="#m0">loginUsingSaveUserName</a></td><td rowspan="1">1612815751461</td><td rowspan="1">240693</td></tr><tr class="failedeven"><td><a href="#m1">loginUsingSaveUserNameAndPwd</a></td><td rowspan="1">1612815509620</td><td rowspan="1">241841</td></tr><tr class="failedeven"><td><a href="#m2">loginWithValidAndInvalidCredentials</a></td><td rowspan="1">1612814986200</td><td rowspan="1">523416</td></tr></tbody></table><h2>LoginTest</h2><h3 id="m0">com.trgr.quality.maf.tests.LoginTest#loginUsingSaveUserName</h3><table class="result"><tr><th>Exception</th></tr><tr><td><div class="stacktrace">java.lang.AssertionError: The following asserts failed:
	Exception in Test expected [true] but found [false]
	at com.trgr.quality.maf.tests.LoginTest.loginUsingSaveUserName(LoginTest.java:432)
... Removed 30 stack frames</div></td></tr></table><p class="totop"><a href="#summary">back to summary</a></p><h3 id="m1">com.trgr.quality.maf.tests.LoginTest#loginUsingSaveUserNameAndPwd</h3><table class="result"><tr><th>Exception</th></tr><tr><td><div class="stacktrace">java.lang.AssertionError: The following asserts failed:
	Exception in Test expected [true] but found [false]
	at com.trgr.quality.maf.tests.LoginTest.loginUsingSaveUserNameAndPwd(LoginTest.java:218)
... Removed 30 stack frames</div></td></tr></table><p class="totop"><a href="#summary">back to summary</a></p><h3 id="m2">com.trgr.quality.maf.tests.LoginTest#loginWithValidAndInvalidCredentials</h3><table class="result"><tr><th>Exception</th></tr><tr><td><div class="stacktrace">java.lang.AssertionError: The following asserts failed:
	MAFQABANG-32:Login with valid and invalid credentails : Validated Login with invalid username expected [true] but found [false],
	MAFQABANG-32:Login with valid and invalid credentails : Validated Login with invalid password expected [true] but found [false],
	Exception in Test expected [true] but found [false]
	at com.trgr.quality.maf.tests.LoginTest.loginWithValidAndInvalidCredentials(LoginTest.java:123)
... Removed 30 stack frames</div></td></tr></table><p class="totop"><a href="#summary">back to summary</a></p></body></html>